<?xml version="1.0" encoding="UTF-8"?>
<testng-results ignored="0" total="1" passed="1" failed="0" skipped="0">
  <reporter-output>
  </reporter-output>
  <suite started-at="2022-12-30T18:29:08 IST" name="Default suite" finished-at="2022-12-30T18:29:17 IST" duration-ms="9040">
    <groups>
    </groups>
    <test started-at="2022-12-30T18:29:08 IST" name="Default test" finished-at="2022-12-30T18:29:17 IST" duration-ms="9040">
      <class name="TestClassPackage3.TC01VerifyLoginPageFunctionality">
        <test-method is-config="true" signature="setup()[pri:0, instance:TestClassPackage3.TC01VerifyLoginPageFunctionality@4d5d943d]" started-at="2022-12-30T18:29:08 IST" name="setup" finished-at="2022-12-30T18:29:16 IST" duration-ms="8259" status="PASS">
          <reporter-output>
          </reporter-output>
        </test-method> <!-- setup -->
        <test-method signature="verifylogin()[pri:0, instance:TestClassPackage3.TC01VerifyLoginPageFunctionality@4d5d943d]" started-at="2022-12-30T18:29:16 IST" name="verifylogin" finished-at="2022-12-30T18:29:17 IST" duration-ms="480" status="PASS">
          <reporter-output>
          </reporter-output>
        </test-method> <!-- verifylogin -->
        <test-method is-config="true" signature="tearDown()[pri:0, instance:TestClassPackage3.TC01VerifyLoginPageFunctionality@4d5d943d]" started-at="2022-12-30T18:29:17 IST" name="tearDown" finished-at="2022-12-30T18:29:17 IST" duration-ms="257" status="PASS">
          <reporter-output>
          </reporter-output>
        </test-method> <!-- tearDown -->
      </class> <!-- TestClassPackage3.TC01VerifyLoginPageFunctionality -->
    </test> <!-- Default test -->
  </suite> <!-- Default suite -->
</testng-results>
